0 info it worked if it ends with ok
1 verbose cli [ 'C:\\Users\\frida\\AppData\\Local\\.meteor\\packages\\meteor-tool\\1.1.10\\mt-os.windows.x86_32\\dev_bundle\\bin\\\\node.exe',
1 verbose cli   'C:\\Users\\frida\\AppData\\Local\\.meteor\\packages\\meteor-tool\\1.1.10\\mt-os.windows.x86_32\\dev_bundle\\bin\\node_modules\\npm\\bin\\npm-cli.js',
1 verbose cli   'install' ]
2 info using npm@1.4.9
3 info using node@v0.10.40
4 verbose node symlink C:\Users\frida\AppData\Local\.meteor\packages\meteor-tool\1.1.10\mt-os.windows.x86_32\dev_bundle\bin\\node.exe
5 error install Couldn't read dependencies
6 error package.json ENOENT, open 'C:\Users\frida\Desktop\si\sunisland\package.json'
6 error package.json This is most likely not a problem with npm itself.
6 error package.json npm can't find a package.json file in your current directory.
7 error System Windows_NT 6.2.9200
8 error command "C:\\Users\\frida\\AppData\\Local\\.meteor\\packages\\meteor-tool\\1.1.10\\mt-os.windows.x86_32\\dev_bundle\\bin\\\\node.exe" "C:\\Users\\frida\\AppData\\Local\\.meteor\\packages\\meteor-tool\\1.1.10\\mt-os.windows.x86_32\\dev_bundle\\bin\\node_modules\\npm\\bin\\npm-cli.js" "install"
9 error cwd C:\Users\frida\Desktop\si\sunisland
10 error node -v v0.10.40
11 error npm -v 1.4.9
12 error path C:\Users\frida\Desktop\si\sunisland\package.json
13 error code ENOPACKAGEJSON
14 error errno 34
15 verbose exit [ 34, true ]
